<?xml version="1.0" encoding="UTF-8"?>
<!-- Generated by org.testng.reporters.JUnitReportReporter -->
<testsuite hostname="LAPTOP-U1L5J0SK" failures="0" tests="1" name="com.qa.testcases.HomePageTest" time="4.366" errors="0" timestamp="2022-07-14T08:35:11 IST" skipped="0">
  <testcase classname="com.qa.testcases.HomePageTest" name="verifyContactsStreamLabelTest" time="4.366"/>
  <system-out/>
</testsuite> <!-- com.qa.testcases.HomePageTest -->
